2025-03-25 22:17:31-log: [Package] menu@1.0.0 enable
2025-03-25 22:17:31-log: [Package] profile@1.0.0 enable
2025-03-25 22:17:31-log: [Package] project@1.0.1 enable
2025-03-25 22:17:31-log: [Package] messages@1.0.0 enable
2025-03-25 22:17:31-log: [Package] program@1.0.0 enable
2025-03-25 22:17:31-log: [Package] device@1.0.1 enable
2025-03-25 22:17:31-log: [Package] ui-kit@1.0.1 enable
2025-03-25 22:17:31-log: [Package] tester@1.0.0 enable
2025-03-25 22:17:31-log: [Package] preferences@1.0.0 enable
2025-03-25 22:17:32-log: Setup mods mgr.: 670.675ms
2025-03-25 22:17:32-log: Profile changed: engine (modules.includeModules: 2d,3d,audio,base,dragon-bones,gfx-webgl,gfx-webgl2,intersection-2d,marionette,particle-2d,physics-ammo,primitive,profiler,terrain,tiled-map,tween,ui,webview)
2025-03-25 22:17:33-log: [Package] engine@1.0.5 enable
2025-03-25 22:17:35-log: [Package] programming@1.0.0 enable
2025-03-25 22:17:35-log: [Package] engine-extends@1.0.0 enable
2025-03-25 22:17:35-log: [Package] asset-db@1.0.0 enable
2025-03-25 22:17:36-log: [Package] console@1.0.0 enable
2025-03-25 22:17:36-log: [Package] scene@1.0.0 enable
2025-03-25 22:17:36-log: [Package] utils@1.0.0 enable
2025-03-25 22:17:36-log: [Package] assets@1.0.0 enable
2025-03-25 22:17:36-log: [Package] inspector@1.0.0 enable
2025-03-25 22:17:36-log: [Package] hierarchy@1.0.0 enable
2025-03-25 22:17:37-log: [Package] preview@1.0.1 enable
2025-03-25 22:17:37-log: [Package] animator@1.0.0 enable
2025-03-25 22:17:38-log: [Package] builder@1.3.1 enable
2025-03-25 22:17:38-log: [Package] node-library@1.0.0 enable
2025-03-25 22:17:38-log: [Package] shortcuts@1.0.1 enable
2025-03-25 22:17:38-log: [Package] package-asset@1.0.0 enable
2025-03-25 22:17:38-log: [Package] reference-image@1.0.0 enable
2025-03-25 22:17:38-log: [Package] animation-graph@1.0.0 enable
2025-03-25 22:17:38-log: [Package] channel-upload-tools@1.0.0 enable
2025-03-25 22:17:38-log: [Package] runtime-dev-tools@1.0.0 enable
2025-03-25 22:17:38-log: [Package] lightmap@1.0.4 enable
2025-03-25 22:17:38-log: [Package] alipay-mini-game@1.0.0 enable
2025-03-25 22:17:38-log: [Package] android@1.0.0 enable
2025-03-25 22:17:38-log: [Package] baidu-mini-game@1.0.0 enable
2025-03-25 22:17:38-log: [Package] bytedance-mini-game@1.0.1 enable
2025-03-25 22:17:38-log: [Package] huawei-agc@1.0.0 enable
2025-03-25 22:17:39-log: [Package] ios@1.0.0 enable
2025-03-25 22:17:39-log: [Package] ios-app-clip@1.0.0 enable
2025-03-25 22:17:39-log: [Package] mac@1.0.0 enable
2025-03-25 22:17:39-log: [Package] native@1.0.0 enable
2025-03-25 22:17:39-log: [Package] ohos@1.0.0 enable
2025-03-25 22:17:39-log: [Package] web-desktop@1.0.0 enable
2025-03-25 22:17:39-log: [Package] web-mobile@1.0.0 enable
2025-03-25 22:17:39-log: [Package] wechatgame@1.0.1 enable
2025-03-25 22:17:39-log: [Package] windows@1.0.0 enable
2025-03-25 22:17:39-log: [Package] xiaomi-quick-game@1.0.0 enable
2025-03-25 22:17:39-log: [Package] cocos-play@1.0.0 enable
2025-03-25 22:17:39-log: [Package] huawei-quick-game@1.0.0 enable
2025-03-25 22:17:39-log: [Package] link-sure@1.0.0 enable
2025-03-25 22:17:39-log: [Package] oppo-mini-game@1.0.0 enable
2025-03-25 22:17:39-log: [Package] qtt@1.0.0 enable
2025-03-25 22:17:39-log: [Package] vivo-mini-game@1.0.0 enable
2025-03-25 22:17:39-log: [Package] cocos-service@3.0.2 enable
2025-03-25 22:17:39-log: [Package] importer@1.0.0 enable
2025-03-25 22:17:40-log: [Package] extension@3.0.15 enable
2025-03-25 22:17:40-log: [Im-plugin] Check im-plugin version.
2025-03-25 22:17:40-log: [Package] im-plugin@3.0.8 enable
2025-03-25 22:17:40-log: [Package] super-html@1.1.3 enable
2025-03-25 22:17:47-log: [Im-plugin] No online info of im-plugin.
2025-03-25 22:17:53-error: [Asset DB] Importer exec failed: {asset[D:\CongViec_HocTap\CongTy\Amobear\SupermarketTycoon3D\assets\Scripts\Particles\_particle_texture.png](095c015b-4554-44e6-8765-fb79520f03b0)}
2025-03-25 22:17:53-error: [Asset DB] Input buffer contains unsupported image format
2025-03-25 22:18:00-warn: Browserslist: caniuse-lite is outdated. Please run:
npx browserslist@latest --update-db

Why you should do it regularly:
https://github.com/browserslist/browserslist#browsers-data-updating
2025-03-25 22:18:01-log: [Scene] Cocos Creator v3.4.2
2025-03-25 22:18:02-info: [Scene] Forward render pipeline initialized.
2025-03-25 22:20:08-error: [Scene] You are trying to destroy a object twice or more.
2025-03-26 00:35:35-error: [Preview]Uncaught TypeError: Cannot read properties of undefined (reading 'worldPosition') in http://localhost:7456/scripting/x/mods/fs/0/assets/Scripts/Options/PA_07/GamePlay/PA_07_GamePlay.js
2025-03-26 00:40:59-warn: [Build] Browserslist: caniuse-lite is outdated. Please run:
npx browserslist@latest --update-db
2025-03-26 00:41:00-warn: [Build] Browserslist: caniuse-lite is outdated. Please run:
npx browserslist@latest --update-db

Why you should do it regularly:
https://github.com/browserslist/browserslist#browsers-data-updating
