3-26-2025 12:16-debug: Start record console... {file(D:\IEC\Testing\Amobear_Supermarket\temp\builder\log\web-desktop3-26-2025 12-16.log)}
3-26-2025 12:16-debug: =================================== Build Task (web-desktop) Start ================================
3-26-2025 12:16-debug: cocos-service:(onBeforeBuild) start...0%
3-26-2025 12:16-debug: // ---- cocos-service:(onBeforeBuild) ----
3-26-2025 12:16-debug: Build with Cocos Creator 3.4.2
3-26-2025 12:16-debug: Start build task, options:{"name":"MergeDino","platform":"web-desktop","buildPath":"project://build","debug":false,"md5Cache":false,"sourceMaps":false,"replaceSplashScreen":true,"mainBundleCompressionType":"merge_dep","mainBundleIsRemote":false,"mergeStartScene":false,"experimentalEraseModules":false,"compressTexture":true,"packAutoAtlas":true,"startScene":"a6138601-b17b-46d2-9ed9-f774b5bab5ce","scenes":[{"url":"db://assets/Scene/Market_PA_07.scene","uuid":"a6138601-b17b-46d2-9ed9-f774b5bab5ce","inBundle":false}],"outputName":"web-desktop","packages":{"web-desktop":{"resolution":{"designWidth":1280,"designHeight":960},"polyfills":{"asyncFunctions":true}},"cocos-service":{"configID":"aa8ef9","services":[]},"super-html":null}}
3-26-2025 12:16-debug: Process: heapTotal 181.70MB heapUsed 171.73MB rss 432.75MB
3-26-2025 12:16-debug: // ---- cocos-service:(onBeforeBuild) success ----
3-26-2025 12:16-debug: cocos-service:(onBeforeBuild)3%
3-26-2025 12:16-debug: Query all assets info in project
3-26-2025 12:16-debug: init custom config: keepNodeUuid: false, useCache: true
3-26-2025 12:16-debug: BuildAssetLibrary query-assets with assets 460
3-26-2025 12:16-debug:   Number of all scenes: 4
3-26-2025 12:16-debug: BuildAssetLibrary initialized with asset 974!
3-26-2025 12:16-debug:   Number of all scripts: 27
3-26-2025 12:16-debug: web-desktop:(onAfterInit) start...3%
3-26-2025 12:16-debug: // ---- web-desktop:(onAfterInit) ----
3-26-2025 12:16-debug: Process: heapTotal 182.81MB heapUsed 171.50MB rss 434.45MB
3-26-2025 12:16-debug: // ---- web-desktop:(onAfterInit) success ----
3-26-2025 12:16-debug: Reload project scripts start5%
3-26-2025 12:16-debug: web-desktop:(onAfterInit)5%
3-26-2025 12:16-debug:   Number of other assets: 1379
3-26-2025 12:16-log: // ---- Reload project scripts ----
3-26-2025 12:16-debug: Process: heapTotal 182.81MB heapUsed 171.53MB rss 434.19MB
3-26-2025 12:16-debug: reload all scripts.
3-26-2025 12:16-debug: Incremental keys: 
3-26-2025 12:16-debug: [[Executor]] Module "cce:/internal/x/cc-fu/base" loaded.
3-26-2025 12:16-debug: [[Executor]] Module "cce:/internal/x/cc-fu/gfx-webgl" loaded.
3-26-2025 12:16-debug: [[Executor]] Module "cce:/internal/x/cc-fu/gfx-webgl2" loaded.
3-26-2025 12:16-debug: [[Executor]] Module "cce:/internal/x/cc-fu/2d" loaded.
3-26-2025 12:16-debug: [[Executor]] Module "cce:/internal/x/cc-fu/3d" loaded.
3-26-2025 12:16-debug: [[Executor]] Module "cce:/internal/x/cc-fu/particle" loaded.
3-26-2025 12:16-debug: [[Executor]] Module "cce:/internal/x/cc-fu/particle-2d" loaded.
3-26-2025 12:16-debug: [[Executor]] Module "cce:/internal/x/cc-fu/physics-framework" loaded.
3-26-2025 12:16-debug: [[Executor]] Module "cce:/internal/x/cc-fu/physics-2d-framework" loaded.
3-26-2025 12:16-debug: [[Executor]] Module "cce:/internal/x/cc-fu/intersection-2d" loaded.
3-26-2025 12:16-debug: [[Executor]] Module "cce:/internal/x/cc-fu/ui" loaded.
3-26-2025 12:16-debug: [[Executor]] Module "cce:/internal/x/cc-fu/profiler" loaded.
3-26-2025 12:16-debug: [[Executor]] Module "cce:/internal/x/cc-fu/primitive" loaded.
3-26-2025 12:16-debug: [[Executor]] Module "cce:/internal/x/cc-fu/video" loaded.
3-26-2025 12:16-debug: [[Executor]] Module "cce:/internal/x/cc-fu/audio" loaded.
3-26-2025 12:16-debug: [[Executor]] Module "cce:/internal/x/cc-fu/terrain" loaded.
3-26-2025 12:16-debug: [[Executor]] Module "cce:/internal/x/cc-fu/tiled-map" loaded.
3-26-2025 12:16-debug: [[Executor]] Module "cce:/internal/x/cc-fu/webview" loaded.
3-26-2025 12:16-debug: [[Executor]] Module "cce:/internal/x/cc-fu/dragon-bones" loaded.
3-26-2025 12:16-debug: [[Executor]] Module "cce:/internal/x/cc-fu/spine" loaded.
3-26-2025 12:16-debug: [[Executor]] Module "pack:///mods/cce/internal/x/cc.js" loaded.
3-26-2025 12:16-debug: [[Executor]] Module "cce:/internal/x/cc-fu/tween" loaded.
3-26-2025 12:16-debug: [[Executor]] Module "pack:///mods/cce/internal/x/prerequisite-imports.js" loaded.
3-26-2025 12:16-debug: [[Executor]] Module "pack:///mods/cce/internal/code-quality/cr.js" loaded.
3-26-2025 12:16-debug: [[Executor]] Module "pack:///mods/fs/0/assets/Scripts/Const/CONST.js" loaded.
3-26-2025 12:16-debug: [[Executor]] Module "pack:///mods/cce/internal/x/cc.js" loaded.
3-26-2025 12:16-debug: [[Executor]] Module "pack:///mods/fs/0/assets/Scripts/Utils/Singleton.js" loaded.
3-26-2025 12:16-debug: Invalidating 'pack:///mods/cce/internal/x/cc.js'
3-26-2025 12:16-debug: [[Executor]] Register SoundController
3-26-2025 12:16-debug: [[Executor]] Register Singleton
3-26-2025 12:16-debug: [[Executor]] Module "pack:///mods/fs/0/assets/Scripts/Controller/SoundController.js" loaded.
3-26-2025 12:16-debug: [[Executor]] Module "pack:///mods/fs/0/assets/Scripts/Const/GameInfo.js" loaded.
3-26-2025 12:16-debug: [[Executor]] Module "pack:///mods/fs/0/assets/Scripts/Const/interface.js" loaded.
3-26-2025 12:16-debug: [[Executor]] Module "pack:///mods/fs/0/assets/Scripts/AdHelper/IronSource.js" loaded.
3-26-2025 12:16-debug: [[Executor]] Module "pack:///mods/fs/0/assets/Scripts/Controller/GameController.js" loaded.
3-26-2025 12:16-debug: [[Executor]] Module "pack:///mods/fs/0/assets/Scripts/Others/HandleLogicGamePlay.js" loaded.
3-26-2025 12:16-debug: [[Executor]] Module "pack:///mods/fs/0/assets/Scripts/Controller/UIGameController.js" loaded.
3-26-2025 12:16-debug: [[Executor]] Register GameController
3-26-2025 12:16-debug: [[Executor]] Register UIGameController
3-26-2025 12:16-debug: [[Executor]] Module "pack:///mods/fs/0/assets/Scripts/GamePlay/HideMask.js" loaded.
3-26-2025 12:16-debug: [[Executor]] Register HideMask
3-26-2025 12:16-debug: [[Executor]] Register MoneyBehavior
3-26-2025 12:16-debug: [[Executor]] Module "pack:///mods/fs/0/assets/Scripts/Money/MoneyBehavior.js" loaded.
3-26-2025 12:16-debug: [[Executor]] Module "pack:///mods/fs/0/assets/Scripts/Money/UserMoney.js" loaded.
3-26-2025 12:16-debug: [[Executor]] Register UserMoney
3-26-2025 12:16-debug: [[Executor]] Register NPC_Controller
3-26-2025 12:16-debug: [[Executor]] Module "pack:///mods/fs/0/assets/Scripts/NPC/NPC_Behavior.js" loaded.
3-26-2025 12:16-debug: [[Executor]] Module "pack:///mods/fs/0/assets/Scripts/NPC/NPC_Controller.js" loaded.
3-26-2025 12:16-debug: [[Executor]] Register NPC_Customer
3-26-2025 12:16-debug: [[Executor]] Register PA_06_Camera
3-26-2025 12:16-debug: [[Executor]] Module "pack:///mods/fs/0/assets/Scripts/NPC/NPC_Customer.js" loaded.
3-26-2025 12:16-debug: [[Executor]] Module "pack:///mods/fs/0/assets/Scripts/Options/PA_06/PA_06_Camera.js" loaded.
3-26-2025 12:16-debug: [[Executor]] Register NPC_Behavior
3-26-2025 12:16-debug: [[Executor]] Register PA_06_GamePlay
3-26-2025 12:16-debug: [[Executor]] Module "pack:///mods/fs/0/assets/Scripts/Options/PA_06/PA_06_GamePlay.js" loaded.
3-26-2025 12:16-debug: [[Executor]] Module "pack:///mods/fs/0/assets/Scripts/Options/PA_06/PA_06_HideMask.js" loaded.
3-26-2025 12:16-debug: [[Executor]] Register PA_06_NPC_Controller
3-26-2025 12:16-debug: [[Executor]] Module "pack:///mods/fs/0/assets/Scripts/Options/PA_06/PA_06_NPC_Controller.js" loaded.
3-26-2025 12:16-debug: [[Executor]] Register PA_06_TimeCountDown
3-26-2025 12:16-debug: [[Executor]] Module "pack:///mods/fs/0/assets/Scripts/Options/PA_06/PA_06_TimeCountDown.js" loaded.
3-26-2025 12:16-debug: [[Executor]] Register PA_06_HideMask
3-26-2025 12:16-debug: [[Executor]] Module "pack:///mods/fs/0/assets/Scripts/Options/PA_07/GamePlay/PA_07_Camera.js" loaded.
3-26-2025 12:16-debug: [[Executor]] Register PA_07_Camera
3-26-2025 12:16-debug: [[Executor]] Module "pack:///mods/fs/0/assets/Scripts/Others/CTA.js" loaded.
3-26-2025 12:16-debug: [[Executor]] Register PA_07_GamePlay
3-26-2025 12:16-debug: [[Executor]] Module "pack:///mods/fs/0/assets/Scripts/Options/PA_07/GamePlay/PA_07_GamePlay.js" loaded.
3-26-2025 12:16-debug: [[Executor]] Module "pack:///mods/fs/0/assets/Scripts/Options/PA_07/GamePlay/PA_07_HideMask.js" loaded.
3-26-2025 12:16-debug: [[Executor]] Register CTA
3-26-2025 12:16-debug: [[Executor]] Register PA_07_HideMask
3-26-2025 12:16-debug: [[Executor]] Module "pack:///mods/fs/0/assets/Scripts/Utils/EnablePhysics.js" loaded.
3-26-2025 12:16-debug: [[Executor]] Register EnablePhysics
3-26-2025 12:16-debug: [[Executor]] Module "pack:///mods/fs/0/assets/Scripts/Utils/Responsive.js" loaded.
3-26-2025 12:16-debug: [[Executor]] Module "pack:///mods/fs/0/assets/Scripts/Utils/Utility.js" loaded.
3-26-2025 12:16-debug: [[Executor]] Module "pack:///mods/cce/internal/x/prerequisite-imports.js" loaded.
3-26-2025 12:16-debug: Query asset bundle start6%
3-26-2025 12:16-debug: Reload project scripts √6%
3-26-2025 12:16-debug: [[Executor]] Register Responsive
3-26-2025 12:16-debug: Process: heapTotal 183.45MB heapUsed 173.41MB rss 434.21MB
3-26-2025 12:16-log: // ---- Query asset bundle ----
3-26-2025 12:16-debug: Query asset bundle √8%
3-26-2025 12:16-debug: Query and organize assets start8%
3-26-2025 12:16-log: // ---- Query and organize assets ----
3-26-2025 12:16-debug: Process: heapTotal 185.20MB heapUsed 171.57MB rss 435.77MB
3-26-2025 12:16-debug: Number of scenes: 1
3-26-2025 12:16-debug: Number of assets: 142
3-26-2025 12:16-debug: Number of asset bundle: 1
3-26-2025 12:16-debug: Query and organize assets √9%
3-26-2025 12:16-debug: Process: heapTotal 190.59MB heapUsed 179.93MB rss 445.93MB
3-26-2025 12:16-debug: sort script group...
3-26-2025 12:16-log: // ---- Organize scripts ----
3-26-2025 12:16-debug: Organize texture compression tasks start10%
3-26-2025 12:16-debug: Organize scripts start9%
3-26-2025 12:16-log: // ---- Organize texture compression tasks ----
3-26-2025 12:16-debug: Process: heapTotal 190.59MB heapUsed 179.97MB rss 445.93MB
3-26-2025 12:16-debug: Organize scripts √10%
3-26-2025 12:16-debug: Number of image-compress task: 0
3-26-2025 12:16-debug: Organize texture compression tasks √11%
3-26-2025 12:16-debug: Process: heapTotal 190.59MB heapUsed 180.14MB rss 446.21MB
3-26-2025 12:16-log: // ---- Group json ----
3-26-2025 12:16-debug: Number of json group: 1
3-26-2025 12:16-debug: Merging Texture2D json start12%
3-26-2025 12:16-debug: Group json √12%
3-26-2025 12:16-debug: Group json start11%
3-26-2025 12:16-debug: Process: heapTotal 190.59MB heapUsed 180.24MB rss 446.21MB
3-26-2025 12:16-debug: Merging Texture2D json √14%
3-26-2025 12:16-log: // ---- Merging Texture2D json ----
3-26-2025 12:16-debug: Process: heapTotal 199.34MB heapUsed 177.36MB rss 446.91MB
3-26-2025 12:16-log: // ----  ----
3-26-2025 12:16-debug: web-desktop:(onBeforeBuildAssets) start...15%
3-26-2025 12:16-debug: // ---- web-desktop:(onBeforeBuildAssets) ----
3-26-2025 12:16-debug: Process: heapTotal 199.34MB heapUsed 177.38MB rss 446.91MB
3-26-2025 12:16-debug:  √15%
3-26-2025 12:16-debug:  start14%
3-26-2025 12:16-debug: // ---- web-desktop:(onBeforeBuildAssets) success ----
3-26-2025 12:16-debug: web-desktop:(onBeforeBuildAssets)18%
3-26-2025 12:16-log: // ----  ----
3-26-2025 12:16-debug: Process: heapTotal 199.34MB heapUsed 177.42MB rss 446.92MB
3-26-2025 12:16-debug:  start18%
3-26-2025 12:16-warn: Browserslist: caniuse-lite is outdated. Please run:
npx browserslist@latest --update-db
3-26-2025 12:16-warn: Browserslist: caniuse-lite is outdated. Please run:
npx browserslist@latest --update-db

Why you should do it regularly:
https://github.com/browserslist/browserslist#browsers-data-updating
3-26-2025 12:16-debug: Build script18%
3-26-2025 12:16-debug: Process: heapTotal 216.75MB heapUsed 196.55MB rss 463.20MB
3-26-2025 12:16-debug: Copy externalScripts success!
3-26-2025 12:16-debug: Build engine18%
3-26-2025 12:16-debug: Process: heapTotal 222.48MB heapUsed 202.29MB rss 472.52MB
3-26-2025 12:16-debug: Build script√18%
3-26-2025 12:16-debug: Engine cache ({link(C:\Users\IEC-WW\AppData\Local\Temp\CocosCreator\3.4.2\builder\engine\87095a51f0076fe2bb851d469938e127)}) does not exist.
3-26-2025 12:16-debug: {"incremental":"C:\\Users\\IEC-WW\\AppData\\Local\\Temp\\CocosCreator\\3.4.2\\builder\\engine\\87095a51f0076fe2bb851d469938e127.watch-files.json","engine":"C:\\ProgramData\\cocos\\editors\\Creator\\3.4.2\\resources\\resources\\3d\\engine","out":"C:\\Users\\IEC-WW\\AppData\\Local\\Temp\\CocosCreator\\3.4.2\\builder\\engine\\87095a51f0076fe2bb851d469938e127","moduleFormat":2,"compress":true,"ammoJsWasm":"fallback","assetURLFormat":"runtime-resolved","buildTimeConstants":{"HTML5":true,"WECHAT":false,"ALIPAY":false,"BAIDU":false,"XIAOMI":false,"BYTEDANCE":false,"OPPO":false,"VIVO":false,"HUAWEI":false,"NATIVE":false,"COCOSPLAY":false,"LINKSURE":false,"QTT":false,"EDITOR":false,"PREVIEW":false,"BUILD":true,"TEST":false,"DEBUG":false,"DEV":false,"RUNTIME_BASED":false,"MINIGAME":false,"JSB":false,"SUPPORT_JIT":true},"loose":true,"features":["2d","3d","audio","base","dragon-bones","gfx-webgl","gfx-webgl2","intersection-2d","marionette","particle-2d","physics-ammo","primitive","profiler","terrain","tiled-map","tween","ui","webview"],"platform":"HTML5","mode":"BUILD"}
3-26-2025 12:16-debug: Build-engine options: {
  "incremental": "C:\\Users\\IEC-WW\\AppData\\Local\\Temp\\CocosCreator\\3.4.2\\builder\\engine\\87095a51f0076fe2bb851d469938e127.watch-files.json",
  "engine": "C:\\ProgramData\\cocos\\editors\\Creator\\3.4.2\\resources\\resources\\3d\\engine",
  "out": "C:\\Users\\IEC-WW\\AppData\\Local\\Temp\\CocosCreator\\3.4.2\\builder\\engine\\87095a51f0076fe2bb851d469938e127",
  "moduleFormat": 2,
  "compress": true,
  "ammoJsWasm": "fallback",
  "assetURLFormat": "runtime-resolved",
  "buildTimeConstants": {
    "HTML5": true,
    "WECHAT": false,
    "ALIPAY": false,
    "BAIDU": false,
    "XIAOMI": false,
    "BYTEDANCE": false,
    "OPPO": false,
    "VIVO": false,
    "HUAWEI": false,
    "NATIVE": false,
    "COCOSPLAY": false,
    "LINKSURE": false,
    "QTT": false,
    "EDITOR": false,
    "PREVIEW": false,
    "BUILD": true,
    "TEST": false,
    "DEBUG": false,
    "DEV": false,
    "RUNTIME_BASED": false,
    "MINIGAME": false,
    "JSB": false,
    "SUPPORT_JIT": true
  },
  "loose": true,
  "features": [
    "2d",
    "3d",
    "audio",
    "base",
    "dragon-bones",
    "gfx-webgl",
    "gfx-webgl2",
    "intersection-2d",
    "marionette",
    "particle-2d",
    "physics-ammo",
    "primitive",
    "profiler",
    "terrain",
    "tiled-map",
    "tween",
    "ui",
    "webview"
  ],
  "platform": "HTML5",
  "mode": "BUILD"
}
3-26-2025 12:16-debug: Module source "cc":
export * from 'C:\\ProgramData\\cocos\\editors\\Creator\\3.4.2\\resources\\resources\\3d\\engine\\exports\\2d.ts';
export * from 'C:\\ProgramData\\cocos\\editors\\Creator\\3.4.2\\resources\\resources\\3d\\engine\\exports\\3d.ts';
export * from 'C:\\ProgramData\\cocos\\editors\\Creator\\3.4.2\\resources\\resources\\3d\\engine\\exports\\audio.ts';
export * from 'C:\\ProgramData\\cocos\\editors\\Creator\\3.4.2\\resources\\resources\\3d\\engine\\exports\\base.ts';
export * from 'C:\\ProgramData\\cocos\\editors\\Creator\\3.4.2\\resources\\resources\\3d\\engine\\exports\\dragon-bones.ts';
export * from 'C:\\ProgramData\\cocos\\editors\\Creator\\3.4.2\\resources\\resources\\3d\\engine\\exports\\gfx-webgl.ts';
export * from 'C:\\ProgramData\\cocos\\editors\\Creator\\3.4.2\\resources\\resources\\3d\\engine\\exports\\gfx-webgl2.ts';
export * from 'C:\\ProgramData\\cocos\\editors\\Creator\\3.4.2\\resources\\resources\\3d\\engine\\exports\\intersection-2d.ts';
export * from 'C:\\ProgramData\\cocos\\editors\\Creator\\3.4.2\\resources\\resources\\3d\\engine\\exports\\particle-2d.ts';
export * from 'C:\\ProgramData\\cocos\\editors\\Creator\\3.4.2\\resources\\resources\\3d\\engine\\exports\\physics-ammo.ts';
export * from 'C:\\ProgramData\\cocos\\editors\\Creator\\3.4.2\\resources\\resources\\3d\\engine\\exports\\physics-framework.ts';
export * from 'C:\\ProgramData\\cocos\\editors\\Creator\\3.4.2\\resources\\resources\\3d\\engine\\exports\\primitive.ts';
export * from 'C:\\ProgramData\\cocos\\editors\\Creator\\3.4.2\\resources\\resources\\3d\\engine\\exports\\profiler.ts';
export * from 'C:\\ProgramData\\cocos\\editors\\Creator\\3.4.2\\resources\\resources\\3d\\engine\\exports\\terrain.ts';
export * from 'C:\\ProgramData\\cocos\\editors\\Creator\\3.4.2\\resources\\resources\\3d\\engine\\exports\\tiled-map.ts';
export * from 'C:\\ProgramData\\cocos\\editors\\Creator\\3.4.2\\resources\\resources\\3d\\engine\\exports\\tween.ts';
export * from 'C:\\ProgramData\\cocos\\editors\\Creator\\3.4.2\\resources\\resources\\3d\\engine\\exports\\ui.ts';
export * from 'C:\\ProgramData\\cocos\\editors\\Creator\\3.4.2\\resources\\resources\\3d\\engine\\exports\\webview.ts';
3-26-2025 12:16-debug: Module source "internal-constants":
export const EXPORT_TO_GLOBAL = true;
export const MARIONETTE = true;
export const HTML5 = true;
export const WECHAT = false;
export const ALIPAY = false;
export const BAIDU = false;
export const XIAOMI = false;
export const BYTEDANCE = false;
export const OPPO = false;
export const VIVO = false;
export const HUAWEI = false;
export const NATIVE = false;
export const COCOSPLAY = false;
export const LINKSURE = false;
export const QTT = false;
export const EDITOR = false;
export const PREVIEW = false;
export const BUILD = true;
export const TEST = false;
export const DEBUG = false;
export const DEV = false;
export const RUNTIME_BASED = false;
export const MINIGAME = false;
export const JSB = false;
export const SUPPORT_JIT = true;
3-26-2025 12:17-debug: Redirect module pal/system-info to C:\ProgramData\cocos\editors\Creator\3.4.2\resources\resources\3d\engine\pal\system-info\web\system-info.ts
3-26-2025 12:17-debug: Redirect module pal/input to C:\ProgramData\cocos\editors\Creator\3.4.2\resources\resources\3d\engine\pal\input\web\index.ts
3-26-2025 12:17-debug: Redirect module pal/audio to C:\ProgramData\cocos\editors\Creator\3.4.2\resources\resources\3d\engine\pal\audio\web\player.ts
3-26-2025 12:17-debug: Redirect module pal/screen-adapter to C:\ProgramData\cocos\editors\Creator\3.4.2\resources\resources\3d\engine\pal\screen-adapter\web\screen-adapter.ts
3-26-2025 12:17-debug: Redirect module pal/minigame to C:\ProgramData\cocos\editors\Creator\3.4.2\resources\resources\3d\engine\pal\minigame\non-minigame.ts
3-26-2025 12:17-debug: Rollup warning 'THIS_IS_UNDEFINED' is omitted for C:\ProgramData\cocos\editors\Creator\3.4.2\resources\resources\3d\engine\node_modules\@cocos\dragonbones-js\out\dragonBones.js
3-26-2025 12:17-debug: Rollup warning 'THIS_IS_UNDEFINED' is omitted for C:\ProgramData\cocos\editors\Creator\3.4.2\resources\resources\3d\engine\node_modules\@cocos\dragonbones-js\out\dragonBones.js
3-26-2025 12:17-debug: ==== Performance ====
3-26-2025 12:17-debug: ====             ====
3-26-2025 12:17-debug: {"# BUILD":[27048.1712,301874160,513754924],"## generate module graph":[25509.6958,310854400,522737452],"- plugin 0 (@cocos/build-engine|code-asset) - resolveId":[4.191900000000066,316612,531894120],"- plugin 1 (@cocos/build-engine|load-asset) - resolveId":[4.434799999999995,808252,531901020],"- plugin 1 (@cocos/build-engine|load-asset) - resolveId (async)":[22.824700000000217,3162180,531902240],"- plugin 2 (@cocos/build-engine|module-overrides) - resolveId":[4.27179999999994,326696,531906160],"- plugin 3 (virtual) - resolveId":[19.54860000000022,-7175616,531924340],"- plugin 4 (ts-paths) - resolveId":[3.4264999999999564,279656,531928260],"- plugin 5 (node-resolve) - resolveId":[31.06149999999987,4212828,531959968],"- plugin 5 (node-resolve) - resolveId (async)":[88463.26709999975,-9517804796,531960252],"load modules":[149422.04130000007,1472591488,531989504],"- plugin 0 (@cocos/build-engine|code-asset) - load":[5.838499999999995,636212,522627368],"- plugin 0 (@cocos/build-engine|code-asset) - load (async)":[0.8767000000000038,164856,522627652],"- plugin 1 (@cocos/build-engine|load-asset) - load":[2.6351999999999913,-5891864,522628208],"- plugin 1 (@cocos/build-engine|load-asset) - load (async)":[68.46669999999918,1620480,522628492],"- plugin 2 (@cocos/build-engine|module-overrides) - load":[4.290199999999996,274448,522629116],"- plugin 3 (virtual) - load":[0.7302000000000038,55848,522629508],"- plugin 6 (json) - transform":[2.879599999999999,645212,531994580],"- plugin 7 (commonjs) - transform":[618.6088,30057300,531997532],"- plugin 8 (babel) - transform":[218.9530000000001,11181396,532032076],"generate ast":[1515.8850000000014,20076232,531657144],"analyse ast":[944.8403000000001,31926736,531869364],"- plugin 5 (node-resolve) - load":[0.794400000000005,55124,522629940],"- plugin 7 (commonjs) - load":[2.8378999999999994,683696,522631372],"- plugin 8 (babel) - load":[55.637200000000085,2975636,522631764],"- plugin 8 (babel) - transform (async)":[20241.854499999972,502932624,562410200],"- plugin 7 (commonjs) - resolveId":[1.5947000000000027,37048,531984724],"- plugin 8 (babel) - resolveId":[0.6454999999999993,24420,531985116],"- plugin 7 (commonjs) - resolveId (async)":[0.4504,16976,282897540],"## sort modules":[255.8584,19574208,542312096],"## mark included statements":[1282.5009,-28558672,513753812],"treeshaking pass 1":[316.2712,3065452,544504112],"treeshaking pass 2":[289.002,-33433688,511070804],"treeshaking pass 3":[100.0032,1713648,512784832],"treeshaking pass 4":[61.045,-993220,511791992],"treeshaking pass 5":[47.2146,168076,511960448],"treeshaking pass 6":[53.1971,-11452,511949376],"treeshaking pass 7":[125.1932,740704,512690460],"treeshaking pass 8":[92.7688,674260,513365100],"treeshaking pass 9":[67.564,-109084,513256396],"treeshaking pass 10":[58.7174,374616,513631408],"treeshaking pass 11":[57.9159,121636,513753440]}
3-26-2025 12:17-debug: Build engine√18%
3-26-2025 12:17-debug: Build auto-atlas start24%
3-26-2025 12:17-log: // ---- Build auto-atlas ----
3-26-2025 12:17-debug:  √24%
3-26-2025 12:17-debug: Process: heapTotal 557.95MB heapUsed 530.85MB rss 817.89MB
3-26-2025 12:17-debug: Build auto-atlas √31%
3-26-2025 12:17-log: // ---- Compress Image ----
3-26-2025 12:17-debug: Compress Image start31%
3-26-2025 12:17-debug: Process: heapTotal 557.95MB heapUsed 530.89MB rss 817.93MB
3-26-2025 12:17-debug: Compress Image √37%
3-26-2025 12:17-debug: Copy the resource start37%
3-26-2025 12:17-log: // ---- Copy the resource ----
3-26-2025 12:17-debug: Process: heapTotal 557.95MB heapUsed 530.91MB rss 817.95MB
3-26-2025 12:17-debug: Asset Bundle(main) handle assets: 142
3-26-2025 12:17-debug: Build the grouped json and scatter files to the specified location start44%
3-26-2025 12:17-log: // ---- Build the grouped json and scatter files to the specified location ----
3-26-2025 12:17-debug: Process: heapTotal 559.95MB heapUsed 530.97MB rss 817.74MB
3-26-2025 12:17-debug: Copy the resource √44%
3-26-2025 12:17-debug: Json group(build-task/json) compile success，json number: 6
3-26-2025 12:17-debug: Build the grouped json and scatter files to the specified location √51%
3-26-2025 12:17-debug: Compress zip bundle start51%
3-26-2025 12:17-log: // ---- Compress zip bundle ----
3-26-2025 12:17-debug: Process: heapTotal 586.80MB heapUsed 554.19MB rss 849.74MB
3-26-2025 12:17-log: // ---- Add md5 suffix to assets ----
3-26-2025 12:17-debug: Process: heapTotal 586.80MB heapUsed 554.21MB rss 849.74MB
3-26-2025 12:17-debug: Add md5 suffix to assets start57%
3-26-2025 12:17-debug: Compress zip bundle √57%
3-26-2025 12:17-debug: Add md5 suffix to assets √68%
3-26-2025 12:17-debug: Init settings and config start68%
3-26-2025 12:17-log: // ---- Init settings and config ----
3-26-2025 12:17-debug: Process: heapTotal 586.80MB heapUsed 554.23MB rss 849.74MB
3-26-2025 12:17-debug: tasks.settings.macro does not defined in i18n
3-26-2025 12:17-log: // ---- tasks.settings.macro ----
3-26-2025 12:17-debug: Process: heapTotal 586.80MB heapUsed 554.26MB rss 849.75MB
3-26-2025 12:17-debug: tasks.settings.macro start68%
3-26-2025 12:17-debug: Init settings and config √68%
3-26-2025 12:17-debug: tasks.settings.macro √69%
3-26-2025 12:17-debug: Use cached settings start69%
3-26-2025 12:17-debug: Process: heapTotal 586.80MB heapUsed 554.31MB rss 849.75MB
3-26-2025 12:17-log: // ---- Use cached settings ----
3-26-2025 12:17-debug: Use cached settings √69%
3-26-2025 12:17-debug: custom joint texture layouts start69%
3-26-2025 12:17-log: // ---- custom joint texture layouts ----
3-26-2025 12:17-debug: Process: heapTotal 586.80MB heapUsed 554.35MB rss 849.69MB
3-26-2025 12:17-debug: custom joint texture layouts √70%
3-26-2025 12:17-log: // ---- custom joint physics ----
3-26-2025 12:17-debug: Process: heapTotal 586.80MB heapUsed 554.37MB rss 849.58MB
3-26-2025 12:17-debug: custom joint physics start70%
3-26-2025 12:17-debug: Fill script data to settings start70%
3-26-2025 12:17-log: // ---- Fill script data to settings ----
3-26-2025 12:17-debug: Process: heapTotal 586.80MB heapUsed 554.39MB rss 849.58MB
3-26-2025 12:17-debug: custom joint physics √70%
3-26-2025 12:17-debug: Fill script data to settings √71%
3-26-2025 12:17-log: // ---- Fill scene data to settings ----
3-26-2025 12:17-debug: Process: heapTotal 586.80MB heapUsed 554.41MB rss 849.58MB
3-26-2025 12:17-debug: Fill scene data to settings start71%
3-26-2025 12:17-log: // ---- Organize assets groups，generate packedAssets and rawAssets data ----
3-26-2025 12:17-debug: Process: heapTotal 586.80MB heapUsed 554.42MB rss 849.58MB
3-26-2025 12:17-debug: Organize assets groups，generate packedAssets and rawAssets data start71%
3-26-2025 12:17-debug: Generate md5AssetsMap from suffixMap to settings start72%
3-26-2025 12:17-debug: Organize assets groups，generate packedAssets and rawAssets data √72%
3-26-2025 12:17-debug: Fill scene data to settings √71%
3-26-2025 12:17-debug: Process: heapTotal 586.80MB heapUsed 554.46MB rss 849.59MB
3-26-2025 12:17-log: // ---- Generate md5AssetsMap from suffixMap to settings ----
3-26-2025 12:17-debug: Generate md5AssetsMap from suffixMap to settings √72%
3-26-2025 12:17-debug: // ---- web-desktop:(onBeforeCompressSettings) ----
3-26-2025 12:17-debug: web-desktop:(onBeforeCompressSettings) start...72%
3-26-2025 12:17-debug: Process: heapTotal 586.80MB heapUsed 554.49MB rss 849.59MB
3-26-2025 12:17-debug: // ---- web-desktop:(onBeforeCompressSettings) success ----
3-26-2025 12:17-debug: options.md5Cache is false.
3-26-2025 12:17-debug: cocos-service:(onBeforeCompressSettings) start...75%
3-26-2025 12:17-debug: // ---- cocos-service:(onBeforeCompressSettings) ----
3-26-2025 12:17-debug: web-desktop:(onBeforeCompressSettings)75%
3-26-2025 12:17-debug: Process: heapTotal 586.80MB heapUsed 554.51MB rss 849.59MB
3-26-2025 12:17-debug: // ---- cocos-service:(onBeforeCompressSettings) success ----
3-26-2025 12:17-debug: cocos-service:(onBeforeCompressSettings)77%
3-26-2025 12:17-log: // ----  ----
3-26-2025 12:17-debug: Process: heapTotal 586.80MB heapUsed 554.61MB rss 849.59MB
3-26-2025 12:17-debug:  start77%
3-26-2025 12:17-debug:  √78%
3-26-2025 12:17-debug: Compress settings.json and config.json start78%
3-26-2025 12:17-debug: Process: heapTotal 586.80MB heapUsed 554.64MB rss 849.59MB
3-26-2025 12:17-debug: Save config.json start79%
3-26-2025 12:17-log: // ---- Compress settings.json and config.json ----
3-26-2025 12:17-debug: Process: heapTotal 586.80MB heapUsed 554.77MB rss 849.59MB
3-26-2025 12:17-debug: Save config.json √80%
3-26-2025 12:17-debug: Compress settings.json and config.json √79%
3-26-2025 12:17-log: // ---- Save config.json ----
3-26-2025 12:17-log: // ---- Save Settings.json ----
3-26-2025 12:17-debug: Process: heapTotal 586.80MB heapUsed 554.80MB rss 849.59MB
3-26-2025 12:17-debug: Sort build template start81%
3-26-2025 12:17-log: // ---- Sort build template ----
3-26-2025 12:17-debug: Save Settings.json √81%
3-26-2025 12:17-debug: Process: heapTotal 586.80MB heapUsed 554.83MB rss 849.59MB
3-26-2025 12:17-debug: Save Settings.json start80%
3-26-2025 12:17-debug: cocos-service:(onAfterCompressSettings) start...82%
3-26-2025 12:17-debug: // ---- cocos-service:(onAfterCompressSettings) ----
3-26-2025 12:17-debug: Process: heapTotal 586.21MB heapUsed 553.18MB rss 848.57MB
3-26-2025 12:17-debug: Sort build template √82%
3-26-2025 12:17-debug: // ---- cocos-service:(onAfterCompressSettings) success ----
3-26-2025 12:17-debug: cocos-service:(onAfterCompressSettings)85%
3-26-2025 12:17-debug: web-desktop:(onAfterBuild) start...85%
3-26-2025 12:17-debug: // ---- web-desktop:(onAfterBuild) success ----
3-26-2025 12:17-debug: Process: heapTotal 586.21MB heapUsed 553.89MB rss 848.52MB
3-26-2025 12:17-debug: // ---- web-desktop:(onAfterBuild) ----
3-26-2025 12:17-debug: cocos-service:(onAfterBuild) start...87%
3-26-2025 12:17-debug: // ---- cocos-service:(onAfterBuild) ----
3-26-2025 12:17-debug: Process: heapTotal 586.21MB heapUsed 555.80MB rss 850.62MB
3-26-2025 12:17-debug: web-desktop:(onAfterBuild)87%
3-26-2025 12:17-debug: // ---- cocos-service:(onAfterBuild) success ----
3-26-2025 12:17-debug: cocos-service:(onAfterBuild)90%
3-26-2025 12:17-debug: build success in 48796 ms!
3-26-2025 12:17-debug: Stop record console. {file(D:\IEC\Testing\Amobear_Supermarket\temp\builder\log\web-desktop3-26-2025 12-16.log)}
